

Processing HomeController#index (for 127.0.0.1 at 2009-11-27 09:38:01) [GET]

ActionView::MissingTemplate (Missing template home/index.erb in view path app/views):
  haml (2.2.14) rails/./lib/sass/plugin/rails.rb:19:in `process'
  /Users/zeno/.rvm/ruby-1.8.7-p174/lib/ruby/1.8/webrick/httpserver.rb:104:in `service'
  /Users/zeno/.rvm/ruby-1.8.7-p174/lib/ruby/1.8/webrick/httpserver.rb:65:in `run'
  /Users/zeno/.rvm/ruby-1.8.7-p174/lib/ruby/1.8/webrick/server.rb:173:in `start_thread'
  /Users/zeno/.rvm/ruby-1.8.7-p174/lib/ruby/1.8/webrick/server.rb:162:in `start'
  /Users/zeno/.rvm/ruby-1.8.7-p174/lib/ruby/1.8/webrick/server.rb:162:in `start_thread'
  /Users/zeno/.rvm/ruby-1.8.7-p174/lib/ruby/1.8/webrick/server.rb:95:in `start'
  /Users/zeno/.rvm/ruby-1.8.7-p174/lib/ruby/1.8/webrick/server.rb:92:in `each'
  /Users/zeno/.rvm/ruby-1.8.7-p174/lib/ruby/1.8/webrick/server.rb:92:in `start'
  /Users/zeno/.rvm/ruby-1.8.7-p174/lib/ruby/1.8/webrick/server.rb:23:in `start'
  /Users/zeno/.rvm/ruby-1.8.7-p174/lib/ruby/1.8/webrick/server.rb:82:in `start'

Rendering rescues/layout (internal_server_error)


Processing HomeController#index (for 127.0.0.1 at 2009-11-27 09:38:20) [GET]
Rendering template within layouts/application
Rendering home/index

ActionView::TemplateError (Missing template home/_subscribe_form.erb in view path app/views) on line #20 of app/views/home/index.html.haml:
17:       #email_flash{ :class => params[:n] }= t("home.email_flash.#{params[:n]}")
18:       = render :partial => 'subscribe_form', :locals => { :style => 'display:none' }
19:     - else
20:       = render :partial => 'subscribe_form'
21:   .spacer

    haml (2.2.14) lib/haml/helpers/action_view_mods.rb:11:in `render'
    haml (2.2.14) lib/haml/helpers.rb:96:in `non_haml'
    haml (2.2.14) lib/haml/helpers/action_view_mods.rb:11:in `render'
    app/views/home/index.html.haml:20:in `_run_haml_app47views47home47index46html46haml'
    haml (2.2.14) lib/haml/helpers/action_view_mods.rb:13:in `render'
    haml (2.2.14) lib/haml/helpers/action_view_mods.rb:13:in `render'
    haml (2.2.14) rails/./lib/sass/plugin/rails.rb:19:in `process'
    /Users/zeno/.rvm/ruby-1.8.7-p174/lib/ruby/1.8/webrick/httpserver.rb:104:in `service'
    /Users/zeno/.rvm/ruby-1.8.7-p174/lib/ruby/1.8/webrick/httpserver.rb:65:in `run'
    /Users/zeno/.rvm/ruby-1.8.7-p174/lib/ruby/1.8/webrick/server.rb:173:in `start_thread'
    /Users/zeno/.rvm/ruby-1.8.7-p174/lib/ruby/1.8/webrick/server.rb:162:in `start'
    /Users/zeno/.rvm/ruby-1.8.7-p174/lib/ruby/1.8/webrick/server.rb:162:in `start_thread'
    /Users/zeno/.rvm/ruby-1.8.7-p174/lib/ruby/1.8/webrick/server.rb:95:in `start'
    /Users/zeno/.rvm/ruby-1.8.7-p174/lib/ruby/1.8/webrick/server.rb:92:in `each'
    /Users/zeno/.rvm/ruby-1.8.7-p174/lib/ruby/1.8/webrick/server.rb:92:in `start'
    /Users/zeno/.rvm/ruby-1.8.7-p174/lib/ruby/1.8/webrick/server.rb:23:in `start'
    /Users/zeno/.rvm/ruby-1.8.7-p174/lib/ruby/1.8/webrick/server.rb:82:in `start'

Rendered rescues/_trace (43.4ms)
Rendered rescues/_request_and_response (60.0ms)
Rendering rescues/layout (internal_server_error)


Processing HomeController#index (for 127.0.0.1 at 2009-11-27 09:39:54) [GET]
Rendering template within layouts/application
Rendering home/index
Rendered home/_subscribe_form (37.2ms)
Completed in 48ms (View: 47, DB: 0) | 200 OK [http://localhost/]


Processing ApplicationController#index (for 127.0.0.1 at 2009-11-27 09:39:54) [GET]

ActionController::RoutingError (No route matches "/javascripts/swfobject.js" with {:method=>:get}):
  /Users/zeno/.rvm/ruby-1.8.7-p174/lib/ruby/1.8/webrick/httpserver.rb:104:in `service'
  /Users/zeno/.rvm/ruby-1.8.7-p174/lib/ruby/1.8/webrick/httpserver.rb:65:in `run'
  /Users/zeno/.rvm/ruby-1.8.7-p174/lib/ruby/1.8/webrick/server.rb:173:in `start_thread'
  /Users/zeno/.rvm/ruby-1.8.7-p174/lib/ruby/1.8/webrick/server.rb:162:in `start'
  /Users/zeno/.rvm/ruby-1.8.7-p174/lib/ruby/1.8/webrick/server.rb:162:in `start_thread'
  /Users/zeno/.rvm/ruby-1.8.7-p174/lib/ruby/1.8/webrick/server.rb:95:in `start'
  /Users/zeno/.rvm/ruby-1.8.7-p174/lib/ruby/1.8/webrick/server.rb:92:in `each'
  /Users/zeno/.rvm/ruby-1.8.7-p174/lib/ruby/1.8/webrick/server.rb:92:in `start'
  /Users/zeno/.rvm/ruby-1.8.7-p174/lib/ruby/1.8/webrick/server.rb:23:in `start'
  /Users/zeno/.rvm/ruby-1.8.7-p174/lib/ruby/1.8/webrick/server.rb:82:in `start'

Rendering rescues/layout (not_found)


Processing HomeController#index (for 127.0.0.1 at 2009-11-27 09:55:48) [GET]
Rendering template within layouts/application
Rendering home/index
Rendered home/_subscribe_form (6.3ms)
Completed in 35ms (View: 34, DB: 0) | 200 OK [http://jilion.local/]


Processing ApplicationController#index (for 127.0.0.1 at 2009-11-27 09:55:49) [GET]

ActionController::RoutingError (No route matches "/javascripts/swfobject.js" with {:method=>:get}):
  passenger (2.2.7) lib/phusion_passenger/rack/request_handler.rb:95:in `process_request'
  passenger (2.2.7) lib/phusion_passenger/abstract_request_handler.rb:207:in `main_loop'
  passenger (2.2.7) lib/phusion_passenger/railz/application_spawner.rb:374:in `start_request_handler'
  passenger (2.2.7) lib/phusion_passenger/railz/application_spawner.rb:332:in `handle_spawn_application'
  passenger (2.2.7) lib/phusion_passenger/utils.rb:184:in `safe_fork'
  passenger (2.2.7) lib/phusion_passenger/railz/application_spawner.rb:330:in `handle_spawn_application'
  passenger (2.2.7) lib/phusion_passenger/abstract_server.rb:352:in `__send__'
  passenger (2.2.7) lib/phusion_passenger/abstract_server.rb:352:in `main_loop'
  passenger (2.2.7) lib/phusion_passenger/abstract_server.rb:196:in `start_synchronously'
  passenger (2.2.7) lib/phusion_passenger/abstract_server.rb:163:in `start'
  passenger (2.2.7) lib/phusion_passenger/railz/application_spawner.rb:209:in `start'
  passenger (2.2.7) lib/phusion_passenger/spawn_manager.rb:262:in `spawn_rails_application'
  passenger (2.2.7) lib/phusion_passenger/abstract_server_collection.rb:126:in `lookup_or_add'
  passenger (2.2.7) lib/phusion_passenger/spawn_manager.rb:256:in `spawn_rails_application'
  passenger (2.2.7) lib/phusion_passenger/abstract_server_collection.rb:80:in `synchronize'
  passenger (2.2.7) lib/phusion_passenger/abstract_server_collection.rb:79:in `synchronize'
  passenger (2.2.7) lib/phusion_passenger/spawn_manager.rb:255:in `spawn_rails_application'
  passenger (2.2.7) lib/phusion_passenger/spawn_manager.rb:154:in `spawn_application'
  passenger (2.2.7) lib/phusion_passenger/spawn_manager.rb:287:in `handle_spawn_application'
  passenger (2.2.7) lib/phusion_passenger/abstract_server.rb:352:in `__send__'
  passenger (2.2.7) lib/phusion_passenger/abstract_server.rb:352:in `main_loop'
  passenger (2.2.7) lib/phusion_passenger/abstract_server.rb:196:in `start_synchronously'

Rendering rescues/layout (not_found)


Processing HomeController#ie (for 127.0.0.1 at 2009-11-27 09:56:00) [GET]
Rendering home/ie
Completed in 70ms (View: 69, DB: 0) | 200 OK [http://jilion.local/ie]


Processing HomeController#index (for 127.0.0.1 at 2009-11-27 09:56:00) [GET]
Rendering template within layouts/application
Rendering home/index
Rendered home/_subscribe_form (1.3ms)
Completed in 6ms (View: 4, DB: 0) | 200 OK [http://jilion.local/]


Processing ApplicationController#index (for 127.0.0.1 at 2009-11-27 09:56:00) [GET]

ActionController::RoutingError (No route matches "/javascripts/swfobject.js" with {:method=>:get}):
  passenger (2.2.7) lib/phusion_passenger/rack/request_handler.rb:95:in `process_request'
  passenger (2.2.7) lib/phusion_passenger/abstract_request_handler.rb:207:in `main_loop'
  passenger (2.2.7) lib/phusion_passenger/railz/application_spawner.rb:374:in `start_request_handler'
  passenger (2.2.7) lib/phusion_passenger/railz/application_spawner.rb:332:in `handle_spawn_application'
  passenger (2.2.7) lib/phusion_passenger/utils.rb:184:in `safe_fork'
  passenger (2.2.7) lib/phusion_passenger/railz/application_spawner.rb:330:in `handle_spawn_application'
  passenger (2.2.7) lib/phusion_passenger/abstract_server.rb:352:in `__send__'
  passenger (2.2.7) lib/phusion_passenger/abstract_server.rb:352:in `main_loop'
  passenger (2.2.7) lib/phusion_passenger/abstract_server.rb:196:in `start_synchronously'
  passenger (2.2.7) lib/phusion_passenger/abstract_server.rb:163:in `start'
  passenger (2.2.7) lib/phusion_passenger/railz/application_spawner.rb:209:in `start'
  passenger (2.2.7) lib/phusion_passenger/spawn_manager.rb:262:in `spawn_rails_application'
  passenger (2.2.7) lib/phusion_passenger/abstract_server_collection.rb:126:in `lookup_or_add'
  passenger (2.2.7) lib/phusion_passenger/spawn_manager.rb:256:in `spawn_rails_application'
  passenger (2.2.7) lib/phusion_passenger/abstract_server_collection.rb:80:in `synchronize'
  passenger (2.2.7) lib/phusion_passenger/abstract_server_collection.rb:79:in `synchronize'
  passenger (2.2.7) lib/phusion_passenger/spawn_manager.rb:255:in `spawn_rails_application'
  passenger (2.2.7) lib/phusion_passenger/spawn_manager.rb:154:in `spawn_application'
  passenger (2.2.7) lib/phusion_passenger/spawn_manager.rb:287:in `handle_spawn_application'
  passenger (2.2.7) lib/phusion_passenger/abstract_server.rb:352:in `__send__'
  passenger (2.2.7) lib/phusion_passenger/abstract_server.rb:352:in `main_loop'
  passenger (2.2.7) lib/phusion_passenger/abstract_server.rb:196:in `start_synchronously'

Rendering rescues/layout (not_found)


Processing HomeController#index (for 127.0.0.1 at 2009-11-27 09:56:58) [GET]
Rendering template within layouts/application
Rendering home/index
Rendered home/_subscribe_form (1.3ms)
Completed in 13ms (View: 12, DB: 0) | 200 OK [http://jilion.local/]


Processing HomeController#ie (for 127.0.0.1 at 2009-11-27 09:57:14) [GET]
Rendering home/ie
Completed in 3ms (View: 2, DB: 0) | 200 OK [http://jilion.local/ie]


Processing HomeController#index (for 127.0.0.1 at 2009-11-27 09:57:14) [GET]
Rendering template within layouts/application
Rendering home/index
Rendered home/_subscribe_form (1.4ms)
Completed in 6ms (View: 4, DB: 0) | 200 OK [http://jilion.local/]


Processing HomeController#index (for 127.0.0.1 at 2009-11-27 09:57:57) [GET]
Rendering template within layouts/application
Rendering home/index
Rendered home/_subscribe_form (2.6ms)
Completed in 13ms (View: 12, DB: 0) | 200 OK [http://jilion.local/]


Processing HomeController#index (for 127.0.0.1 at 2009-11-27 09:59:51) [GET]
Rendering template within layouts/application
Rendering home/index
Rendered home/_subscribe_form (1.4ms)
Completed in 13ms (View: 12, DB: 0) | 200 OK [http://jilion.local/]


Processing HomeController#index (for 127.0.0.1 at 2009-11-27 09:59:54) [GET]
Rendering template within layouts/application
Rendering home/index
Rendered home/_subscribe_form (57.3ms)
Completed in 62ms (View: 61, DB: 0) | 200 OK [http://jilion.local/]


Processing HomeController#ie (for 127.0.0.1 at 2009-11-27 09:59:59) [GET]

***** Debugger requested, but was not available: Start server with --debugger to enable *****

NoMethodError (undefined method `log' for #<String:0x103db4788>):
  app/controllers/home_controller.rb:7:in `ie'
  haml (2.2.14) rails/./lib/sass/plugin/rails.rb:19:in `process'
  passenger (2.2.7) lib/phusion_passenger/rack/request_handler.rb:95:in `process_request'
  passenger (2.2.7) lib/phusion_passenger/abstract_request_handler.rb:207:in `main_loop'
  passenger (2.2.7) lib/phusion_passenger/railz/application_spawner.rb:374:in `start_request_handler'
  passenger (2.2.7) lib/phusion_passenger/railz/application_spawner.rb:332:in `handle_spawn_application'
  passenger (2.2.7) lib/phusion_passenger/utils.rb:184:in `safe_fork'
  passenger (2.2.7) lib/phusion_passenger/railz/application_spawner.rb:330:in `handle_spawn_application'
  passenger (2.2.7) lib/phusion_passenger/abstract_server.rb:352:in `__send__'
  passenger (2.2.7) lib/phusion_passenger/abstract_server.rb:352:in `main_loop'
  passenger (2.2.7) lib/phusion_passenger/abstract_server.rb:196:in `start_synchronously'
  passenger (2.2.7) lib/phusion_passenger/abstract_server.rb:163:in `start'
  passenger (2.2.7) lib/phusion_passenger/railz/application_spawner.rb:209:in `start'
  passenger (2.2.7) lib/phusion_passenger/spawn_manager.rb:262:in `spawn_rails_application'
  passenger (2.2.7) lib/phusion_passenger/abstract_server_collection.rb:126:in `lookup_or_add'
  passenger (2.2.7) lib/phusion_passenger/spawn_manager.rb:256:in `spawn_rails_application'
  passenger (2.2.7) lib/phusion_passenger/abstract_server_collection.rb:80:in `synchronize'
  passenger (2.2.7) lib/phusion_passenger/abstract_server_collection.rb:79:in `synchronize'
  passenger (2.2.7) lib/phusion_passenger/spawn_manager.rb:255:in `spawn_rails_application'
  passenger (2.2.7) lib/phusion_passenger/spawn_manager.rb:154:in `spawn_application'
  passenger (2.2.7) lib/phusion_passenger/spawn_manager.rb:287:in `handle_spawn_application'
  passenger (2.2.7) lib/phusion_passenger/abstract_server.rb:352:in `__send__'
  passenger (2.2.7) lib/phusion_passenger/abstract_server.rb:352:in `main_loop'
  passenger (2.2.7) lib/phusion_passenger/abstract_server.rb:196:in `start_synchronously'

Rendered rescues/_trace (33.8ms)
Rendered rescues/_request_and_response (1.3ms)
Rendering rescues/layout (internal_server_error)


Processing HomeController#ie (for 127.0.0.1 at 2009-11-27 10:00:10) [GET]
Rendering home/ie
Completed in 3ms (View: 2, DB: 0) | 200 OK [http://jilion.local/ie]


Processing HomeController#index (for 127.0.0.1 at 2009-11-27 10:00:10) [GET]
Rendering template within layouts/application
Rendering home/index
Rendered home/_subscribe_form (1.4ms)
Completed in 6ms (View: 5, DB: 0) | 200 OK [http://jilion.local/]


Processing HomeController#ie (for 127.0.0.1 at 2009-11-27 10:00:13) [GET]
Rendering home/ie
Completed in 4ms (View: 2, DB: 0) | 200 OK [http://jilion.local/ie]


Processing HomeController#index (for 127.0.0.1 at 2009-11-27 10:00:13) [GET]
Rendering template within layouts/application
Rendering home/index
Rendered home/_subscribe_form (1.3ms)
Completed in 8ms (View: 6, DB: 0) | 200 OK [http://jilion.local/]


Processing ApplicationController#index (for 127.0.0.1 at 2009-11-27 10:01:30) [GET]

ActionController::RoutingError (No route matches "/ie" with {:method=>:get}):
  passenger (2.2.7) lib/phusion_passenger/rack/request_handler.rb:95:in `process_request'
  passenger (2.2.7) lib/phusion_passenger/abstract_request_handler.rb:207:in `main_loop'
  passenger (2.2.7) lib/phusion_passenger/railz/application_spawner.rb:374:in `start_request_handler'
  passenger (2.2.7) lib/phusion_passenger/railz/application_spawner.rb:332:in `handle_spawn_application'
  passenger (2.2.7) lib/phusion_passenger/utils.rb:184:in `safe_fork'
  passenger (2.2.7) lib/phusion_passenger/railz/application_spawner.rb:330:in `handle_spawn_application'
  passenger (2.2.7) lib/phusion_passenger/abstract_server.rb:352:in `__send__'
  passenger (2.2.7) lib/phusion_passenger/abstract_server.rb:352:in `main_loop'
  passenger (2.2.7) lib/phusion_passenger/abstract_server.rb:196:in `start_synchronously'
  passenger (2.2.7) lib/phusion_passenger/abstract_server.rb:163:in `start'
  passenger (2.2.7) lib/phusion_passenger/railz/application_spawner.rb:209:in `start'
  passenger (2.2.7) lib/phusion_passenger/spawn_manager.rb:262:in `spawn_rails_application'
  passenger (2.2.7) lib/phusion_passenger/abstract_server_collection.rb:126:in `lookup_or_add'
  passenger (2.2.7) lib/phusion_passenger/spawn_manager.rb:256:in `spawn_rails_application'
  passenger (2.2.7) lib/phusion_passenger/abstract_server_collection.rb:80:in `synchronize'
  passenger (2.2.7) lib/phusion_passenger/abstract_server_collection.rb:79:in `synchronize'
  passenger (2.2.7) lib/phusion_passenger/spawn_manager.rb:255:in `spawn_rails_application'
  passenger (2.2.7) lib/phusion_passenger/spawn_manager.rb:154:in `spawn_application'
  passenger (2.2.7) lib/phusion_passenger/spawn_manager.rb:287:in `handle_spawn_application'
  passenger (2.2.7) lib/phusion_passenger/abstract_server.rb:352:in `__send__'
  passenger (2.2.7) lib/phusion_passenger/abstract_server.rb:352:in `main_loop'
  passenger (2.2.7) lib/phusion_passenger/abstract_server.rb:196:in `start_synchronously'

Rendering rescues/layout (not_found)


Processing HomeController#ie (for 127.0.0.1 at 2009-11-27 10:02:04) [GET]
Rendering home/ie

ActionView::TemplateError (Inconsistent indentation: 5 spaces were used for indentation, but the rest of the document was indented using 2 spaces.) on line #6 of app/views/home/ie.html.haml:
3:   %head
4:     %title= t 'title'
5:   %body
6:      %h2= "Unsupported browser."
7:      %p= "Internet Explorer 6 and lower have known compatibility issues with modern web standards. We chose to stop supporting your browser as many other websites (like YouTube, Facebook or Twitter) are doing."
8:      %p= "We recommend one of the following supported browsers:"

    app/views/home/ie.html.haml:6
    haml (2.2.14) lib/haml/precompiler.rb:150:in `tabs'
    haml (2.2.14) lib/haml/precompiler.rb:132:in `instance_eval'
    haml (2.2.14) lib/haml/precompiler.rb:132:in `tabs'
    haml (2.2.14) lib/haml/precompiler.rb:982:in `block_opened?'
    haml (2.2.14) lib/haml/precompiler.rb:733:in `render_tag'
    haml (2.2.14) lib/haml/precompiler.rb:213:in `process_line'
    haml (2.2.14) lib/haml/precompiler.rb:177:in `precompile'
    haml (2.2.14) lib/haml/engine.rb:114:in `initialize'
    haml (2.2.14) rails/./lib/haml/template/plugin.rb:21:in `new'
    haml (2.2.14) rails/./lib/haml/template/plugin.rb:21:in `compile'
    haml (2.2.14) lib/haml/helpers/action_view_mods.rb:13:in `render'
    app/controllers/home_controller.rb:8:in `ie'
    haml (2.2.14) rails/./lib/sass/plugin/rails.rb:19:in `process'
    passenger (2.2.7) lib/phusion_passenger/rack/request_handler.rb:95:in `process_request'
    passenger (2.2.7) lib/phusion_passenger/abstract_request_handler.rb:207:in `main_loop'
    passenger (2.2.7) lib/phusion_passenger/railz/application_spawner.rb:374:in `start_request_handler'
    passenger (2.2.7) lib/phusion_passenger/railz/application_spawner.rb:332:in `handle_spawn_application'
    passenger (2.2.7) lib/phusion_passenger/utils.rb:184:in `safe_fork'
    passenger (2.2.7) lib/phusion_passenger/railz/application_spawner.rb:330:in `handle_spawn_application'
    passenger (2.2.7) lib/phusion_passenger/abstract_server.rb:352:in `__send__'
    passenger (2.2.7) lib/phusion_passenger/abstract_server.rb:352:in `main_loop'
    passenger (2.2.7) lib/phusion_passenger/abstract_server.rb:196:in `start_synchronously'
    passenger (2.2.7) lib/phusion_passenger/abstract_server.rb:163:in `start'
    passenger (2.2.7) lib/phusion_passenger/railz/application_spawner.rb:209:in `start'
    passenger (2.2.7) lib/phusion_passenger/spawn_manager.rb:262:in `spawn_rails_application'
    passenger (2.2.7) lib/phusion_passenger/abstract_server_collection.rb:126:in `lookup_or_add'
    passenger (2.2.7) lib/phusion_passenger/spawn_manager.rb:256:in `spawn_rails_application'
    passenger (2.2.7) lib/phusion_passenger/abstract_server_collection.rb:80:in `synchronize'
    passenger (2.2.7) lib/phusion_passenger/abstract_server_collection.rb:79:in `synchronize'
    passenger (2.2.7) lib/phusion_passenger/spawn_manager.rb:255:in `spawn_rails_application'
    passenger (2.2.7) lib/phusion_passenger/spawn_manager.rb:154:in `spawn_application'
    passenger (2.2.7) lib/phusion_passenger/spawn_manager.rb:287:in `handle_spawn_application'
    passenger (2.2.7) lib/phusion_passenger/abstract_server.rb:352:in `__send__'
    passenger (2.2.7) lib/phusion_passenger/abstract_server.rb:352:in `main_loop'
    passenger (2.2.7) lib/phusion_passenger/abstract_server.rb:196:in `start_synchronously'

Rendered rescues/_trace (45.6ms)
Rendered rescues/_request_and_response (0.3ms)
Rendering rescues/layout (internal_server_error)


Processing HomeController#ie (for 127.0.0.1 at 2009-11-27 10:02:12) [GET]
Rendering home/ie
Completed in 8ms (View: 6, DB: 0) | 200 OK [http://jilion.local/ie]


Processing HomeController#ie (for 127.0.0.1 at 2009-11-27 10:05:18) [GET]
Rendering home/ie
Completed in 12ms (View: 11, DB: 0) | 200 OK [http://jilion.local/ie]


Processing HomeController#ie (for 127.0.0.1 at 2009-11-27 10:05:32) [GET]
Rendering home/ie
Completed in 77ms (View: 75, DB: 0) | 200 OK [http://jilion.local/ie]


Processing HomeController#ie (for 127.0.0.1 at 2009-11-27 10:06:00) [GET]
Rendering home/ie
Completed in 4ms (View: 3, DB: 0) | 200 OK [http://jilion.local/ie]


Processing HomeController#ie (for 127.0.0.1 at 2009-11-27 10:06:15) [GET]
Rendering home/ie
Completed in 11ms (View: 10, DB: 0) | 200 OK [http://jilion.local/ie]


Processing HomeController#ie (for 127.0.0.1 at 2009-11-27 10:06:23) [GET]
Rendering home/ie
Completed in 13ms (View: 12, DB: 0) | 200 OK [http://jilion.local/ie]


Processing HomeController#index (for 127.0.0.1 at 2009-11-27 10:06:23) [GET]
Rendering template within layouts/application
Rendering home/index
Rendered home/_subscribe_form (1.4ms)
Completed in 6ms (View: 5, DB: 0) | 200 OK [http://jilion.local/]


Processing HomeController#index (for 127.0.0.1 at 2009-11-27 10:06:33) [GET]
Rendering template within layouts/application
Rendering home/index
Rendered home/_subscribe_form (1.1ms)
Completed in 5ms (View: 4, DB: 0) | 200 OK [http://jilion.local/]


Processing HomeController#index (for 127.0.0.1 at 2009-11-27 10:06:39) [GET]
Rendering template within layouts/application
Rendering home/index
Rendered home/_subscribe_form (1.2ms)
Completed in 6ms (View: 4, DB: 0) | 200 OK [http://jilion.local/]


Processing HomeController#index (for 127.0.0.1 at 2009-11-27 10:06:42) [GET]
Rendering template within layouts/application
Rendering home/index
Rendered home/_subscribe_form (1.3ms)
Completed in 6ms (View: 4, DB: 0) | 200 OK [http://jilion.local/]


Processing HomeController#ie (for 127.0.0.1 at 2009-11-27 10:07:21) [GET]
Rendering home/ie

ActionView::TemplateError (Inconsistent indentation: 5 spaces were used for indentation, but the rest of the document was indented using 2 spaces.) on line #15 of app/views/home/ie.html.haml:
12:     -#  == }
13:     -#==<![endif]>
14:     -#/[if lte IE 6]
15:      %style{ :type => "text/css", :media => "screen" }
16:        == body {
17:        ==   font-family:Arial, sans-serif;
18:        ==   font-size:14px;

    app/views/home/ie.html.haml:15
    haml (2.2.14) lib/haml/precompiler.rb:150:in `tabs'
    haml (2.2.14) lib/haml/precompiler.rb:132:in `instance_eval'
    haml (2.2.14) lib/haml/precompiler.rb:132:in `tabs'
    haml (2.2.14) lib/haml/precompiler.rb:982:in `block_opened?'
    haml (2.2.14) lib/haml/precompiler.rb:404:in `start_haml_comment'
    haml (2.2.14) lib/haml/precompiler.rb:226:in `process_line'
    haml (2.2.14) lib/haml/precompiler.rb:177:in `precompile'
    haml (2.2.14) lib/haml/engine.rb:114:in `initialize'
    haml (2.2.14) rails/./lib/haml/template/plugin.rb:21:in `new'
    haml (2.2.14) rails/./lib/haml/template/plugin.rb:21:in `compile'
    haml (2.2.14) lib/haml/helpers/action_view_mods.rb:13:in `render'
    app/controllers/home_controller.rb:8:in `ie'
    haml (2.2.14) rails/./lib/sass/plugin/rails.rb:19:in `process'
    passenger (2.2.7) lib/phusion_passenger/rack/request_handler.rb:95:in `process_request'
    passenger (2.2.7) lib/phusion_passenger/abstract_request_handler.rb:207:in `main_loop'
    passenger (2.2.7) lib/phusion_passenger/railz/application_spawner.rb:374:in `start_request_handler'
    passenger (2.2.7) lib/phusion_passenger/railz/application_spawner.rb:332:in `handle_spawn_application'
    passenger (2.2.7) lib/phusion_passenger/utils.rb:184:in `safe_fork'
    passenger (2.2.7) lib/phusion_passenger/railz/application_spawner.rb:330:in `handle_spawn_application'
    passenger (2.2.7) lib/phusion_passenger/abstract_server.rb:352:in `__send__'
    passenger (2.2.7) lib/phusion_passenger/abstract_server.rb:352:in `main_loop'
    passenger (2.2.7) lib/phusion_passenger/abstract_server.rb:196:in `start_synchronously'
    passenger (2.2.7) lib/phusion_passenger/abstract_server.rb:163:in `start'
    passenger (2.2.7) lib/phusion_passenger/railz/application_spawner.rb:209:in `start'
    passenger (2.2.7) lib/phusion_passenger/spawn_manager.rb:262:in `spawn_rails_application'
    passenger (2.2.7) lib/phusion_passenger/abstract_server_collection.rb:126:in `lookup_or_add'
    passenger (2.2.7) lib/phusion_passenger/spawn_manager.rb:256:in `spawn_rails_application'
    passenger (2.2.7) lib/phusion_passenger/abstract_server_collection.rb:80:in `synchronize'
    passenger (2.2.7) lib/phusion_passenger/abstract_server_collection.rb:79:in `synchronize'
    passenger (2.2.7) lib/phusion_passenger/spawn_manager.rb:255:in `spawn_rails_application'
    passenger (2.2.7) lib/phusion_passenger/spawn_manager.rb:154:in `spawn_application'
    passenger (2.2.7) lib/phusion_passenger/spawn_manager.rb:287:in `handle_spawn_application'
    passenger (2.2.7) lib/phusion_passenger/abstract_server.rb:352:in `__send__'
    passenger (2.2.7) lib/phusion_passenger/abstract_server.rb:352:in `main_loop'
    passenger (2.2.7) lib/phusion_passenger/abstract_server.rb:196:in `start_synchronously'

Rendered rescues/_trace (44.7ms)
Rendered rescues/_request_and_response (0.3ms)
Rendering rescues/layout (internal_server_error)


Processing HomeController#ie (for 127.0.0.1 at 2009-11-27 10:07:33) [GET]
Rendering home/ie

ActionView::TemplateError (Inconsistent indentation: 2 tabs were used for indentation, but the rest of the document was indented using 2 spaces.) on line #15 of app/views/home/ie.html.haml:
12:     -#  == }
13:     -#==<![endif]>
14:     -#/[if lte IE 6]
15: 		%style{ :type => "text/css", :media => "screen" }
16: 		  == body {
17: 		  ==   font-family:Arial, sans-serif;
18: 		  ==   font-size:14px;

    app/views/home/ie.html.haml:15
    haml (2.2.14) lib/haml/precompiler.rb:150:in `tabs'
    haml (2.2.14) lib/haml/precompiler.rb:132:in `instance_eval'
    haml (2.2.14) lib/haml/precompiler.rb:132:in `tabs'
    haml (2.2.14) lib/haml/precompiler.rb:982:in `block_opened?'
    haml (2.2.14) lib/haml/precompiler.rb:404:in `start_haml_comment'
    haml (2.2.14) lib/haml/precompiler.rb:226:in `process_line'
    haml (2.2.14) lib/haml/precompiler.rb:177:in `precompile'
    haml (2.2.14) lib/haml/engine.rb:114:in `initialize'
    haml (2.2.14) rails/./lib/haml/template/plugin.rb:21:in `new'
    haml (2.2.14) rails/./lib/haml/template/plugin.rb:21:in `compile'
    haml (2.2.14) lib/haml/helpers/action_view_mods.rb:13:in `render'
    app/controllers/home_controller.rb:8:in `ie'
    haml (2.2.14) rails/./lib/sass/plugin/rails.rb:19:in `process'
    passenger (2.2.7) lib/phusion_passenger/rack/request_handler.rb:95:in `process_request'
    passenger (2.2.7) lib/phusion_passenger/abstract_request_handler.rb:207:in `main_loop'
    passenger (2.2.7) lib/phusion_passenger/railz/application_spawner.rb:374:in `start_request_handler'
    passenger (2.2.7) lib/phusion_passenger/railz/application_spawner.rb:332:in `handle_spawn_application'
    passenger (2.2.7) lib/phusion_passenger/utils.rb:184:in `safe_fork'
    passenger (2.2.7) lib/phusion_passenger/railz/application_spawner.rb:330:in `handle_spawn_application'
    passenger (2.2.7) lib/phusion_passenger/abstract_server.rb:352:in `__send__'
    passenger (2.2.7) lib/phusion_passenger/abstract_server.rb:352:in `main_loop'
    passenger (2.2.7) lib/phusion_passenger/abstract_server.rb:196:in `start_synchronously'
    passenger (2.2.7) lib/phusion_passenger/abstract_server.rb:163:in `start'
    passenger (2.2.7) lib/phusion_passenger/railz/application_spawner.rb:209:in `start'
    passenger (2.2.7) lib/phusion_passenger/spawn_manager.rb:262:in `spawn_rails_application'
    passenger (2.2.7) lib/phusion_passenger/abstract_server_collection.rb:126:in `lookup_or_add'
    passenger (2.2.7) lib/phusion_passenger/spawn_manager.rb:256:in `spawn_rails_application'
    passenger (2.2.7) lib/phusion_passenger/abstract_server_collection.rb:80:in `synchronize'
    passenger (2.2.7) lib/phusion_passenger/abstract_server_collection.rb:79:in `synchronize'
    passenger (2.2.7) lib/phusion_passenger/spawn_manager.rb:255:in `spawn_rails_application'
    passenger (2.2.7) lib/phusion_passenger/spawn_manager.rb:154:in `spawn_application'
    passenger (2.2.7) lib/phusion_passenger/spawn_manager.rb:287:in `handle_spawn_application'
    passenger (2.2.7) lib/phusion_passenger/abstract_server.rb:352:in `__send__'
    passenger (2.2.7) lib/phusion_passenger/abstract_server.rb:352:in `main_loop'
    passenger (2.2.7) lib/phusion_passenger/abstract_server.rb:196:in `start_synchronously'

Rendered rescues/_trace (109.5ms)
Rendered rescues/_request_and_response (0.3ms)
Rendering rescues/layout (internal_server_error)


Processing HomeController#ie (for 127.0.0.1 at 2009-11-27 10:07:54) [GET]
Rendering home/ie
Completed in 12ms (View: 11, DB: 0) | 200 OK [http://jilion.local/ie]


Processing HomeController#ie (for 127.0.0.1 at 2009-11-27 10:08:08) [GET]
Rendering home/ie
Completed in 13ms (View: 12, DB: 0) | 200 OK [http://jilion.local/ie]


Processing HomeController#index (for 127.0.0.1 at 2009-11-27 10:08:08) [GET]
Rendering template within layouts/application
Rendering home/index
Rendered home/_subscribe_form (1.3ms)
Completed in 5ms (View: 4, DB: 0) | 200 OK [http://jilion.local/]


Processing HomeController#ie (for 127.0.0.1 at 2009-11-27 10:09:09) [GET]
Rendering home/ie
Completed in 12ms (View: 11, DB: 0) | 200 OK [http://jilion.local/ie]


Processing HomeController#index (for 127.0.0.1 at 2009-11-27 10:17:38) [GET]
Rendering template within layouts/application
Rendering home/index
Rendered home/_subscribe_form (3.2ms)
Completed in 34ms (View: 33, DB: 0) | 200 OK [http://jilion.local/]


Processing ApplicationController#index (for 127.0.0.1 at 2009-11-27 10:17:39) [GET]

ActionController::RoutingError (No route matches "/images/map_drop_pin.png" with {:method=>:get}):
  passenger (2.2.7) lib/phusion_passenger/rack/request_handler.rb:95:in `process_request'
  passenger (2.2.7) lib/phusion_passenger/abstract_request_handler.rb:207:in `main_loop'
  passenger (2.2.7) lib/phusion_passenger/railz/application_spawner.rb:374:in `start_request_handler'
  passenger (2.2.7) lib/phusion_passenger/railz/application_spawner.rb:332:in `handle_spawn_application'
  passenger (2.2.7) lib/phusion_passenger/utils.rb:184:in `safe_fork'
  passenger (2.2.7) lib/phusion_passenger/railz/application_spawner.rb:330:in `handle_spawn_application'
  passenger (2.2.7) lib/phusion_passenger/abstract_server.rb:352:in `__send__'
  passenger (2.2.7) lib/phusion_passenger/abstract_server.rb:352:in `main_loop'
  passenger (2.2.7) lib/phusion_passenger/abstract_server.rb:196:in `start_synchronously'
  passenger (2.2.7) lib/phusion_passenger/abstract_server.rb:163:in `start'
  passenger (2.2.7) lib/phusion_passenger/railz/application_spawner.rb:209:in `start'
  passenger (2.2.7) lib/phusion_passenger/spawn_manager.rb:262:in `spawn_rails_application'
  passenger (2.2.7) lib/phusion_passenger/abstract_server_collection.rb:126:in `lookup_or_add'
  passenger (2.2.7) lib/phusion_passenger/spawn_manager.rb:256:in `spawn_rails_application'
  passenger (2.2.7) lib/phusion_passenger/abstract_server_collection.rb:80:in `synchronize'
  passenger (2.2.7) lib/phusion_passenger/abstract_server_collection.rb:79:in `synchronize'
  passenger (2.2.7) lib/phusion_passenger/spawn_manager.rb:255:in `spawn_rails_application'
  passenger (2.2.7) lib/phusion_passenger/spawn_manager.rb:154:in `spawn_application'
  passenger (2.2.7) lib/phusion_passenger/spawn_manager.rb:287:in `handle_spawn_application'
  passenger (2.2.7) lib/phusion_passenger/abstract_server.rb:352:in `__send__'
  passenger (2.2.7) lib/phusion_passenger/abstract_server.rb:352:in `main_loop'
  passenger (2.2.7) lib/phusion_passenger/abstract_server.rb:196:in `start_synchronously'

Rendering rescues/layout (not_found)


Processing ApplicationController#index (for 127.0.0.1 at 2009-11-27 10:17:40) [GET]

ActionController::RoutingError (No route matches "/images/map_drop_pin.png" with {:method=>:get}):
  passenger (2.2.7) lib/phusion_passenger/rack/request_handler.rb:95:in `process_request'
  passenger (2.2.7) lib/phusion_passenger/abstract_request_handler.rb:207:in `main_loop'
  passenger (2.2.7) lib/phusion_passenger/railz/application_spawner.rb:374:in `start_request_handler'
  passenger (2.2.7) lib/phusion_passenger/railz/application_spawner.rb:332:in `handle_spawn_application'
  passenger (2.2.7) lib/phusion_passenger/utils.rb:184:in `safe_fork'
  passenger (2.2.7) lib/phusion_passenger/railz/application_spawner.rb:330:in `handle_spawn_application'
  passenger (2.2.7) lib/phusion_passenger/abstract_server.rb:352:in `__send__'
  passenger (2.2.7) lib/phusion_passenger/abstract_server.rb:352:in `main_loop'
  passenger (2.2.7) lib/phusion_passenger/abstract_server.rb:196:in `start_synchronously'
  passenger (2.2.7) lib/phusion_passenger/abstract_server.rb:163:in `start'
  passenger (2.2.7) lib/phusion_passenger/railz/application_spawner.rb:209:in `start'
  passenger (2.2.7) lib/phusion_passenger/spawn_manager.rb:262:in `spawn_rails_application'
  passenger (2.2.7) lib/phusion_passenger/abstract_server_collection.rb:126:in `lookup_or_add'
  passenger (2.2.7) lib/phusion_passenger/spawn_manager.rb:256:in `spawn_rails_application'
  passenger (2.2.7) lib/phusion_passenger/abstract_server_collection.rb:80:in `synchronize'
  passenger (2.2.7) lib/phusion_passenger/abstract_server_collection.rb:79:in `synchronize'
  passenger (2.2.7) lib/phusion_passenger/spawn_manager.rb:255:in `spawn_rails_application'
  passenger (2.2.7) lib/phusion_passenger/spawn_manager.rb:154:in `spawn_application'
  passenger (2.2.7) lib/phusion_passenger/spawn_manager.rb:287:in `handle_spawn_application'
  passenger (2.2.7) lib/phusion_passenger/abstract_server.rb:352:in `__send__'
  passenger (2.2.7) lib/phusion_passenger/abstract_server.rb:352:in `main_loop'
  passenger (2.2.7) lib/phusion_passenger/abstract_server.rb:196:in `start_synchronously'

Rendering rescues/layout (not_found)


Processing ApplicationController#index (for 127.0.0.1 at 2009-11-27 10:17:40) [GET]

ActionController::RoutingError (No route matches "/images/map_drop_pin.png" with {:method=>:get}):
  passenger (2.2.7) lib/phusion_passenger/rack/request_handler.rb:95:in `process_request'
  passenger (2.2.7) lib/phusion_passenger/abstract_request_handler.rb:207:in `main_loop'
  passenger (2.2.7) lib/phusion_passenger/railz/application_spawner.rb:374:in `start_request_handler'
  passenger (2.2.7) lib/phusion_passenger/railz/application_spawner.rb:332:in `handle_spawn_application'
  passenger (2.2.7) lib/phusion_passenger/utils.rb:184:in `safe_fork'
  passenger (2.2.7) lib/phusion_passenger/railz/application_spawner.rb:330:in `handle_spawn_application'
  passenger (2.2.7) lib/phusion_passenger/abstract_server.rb:352:in `__send__'
  passenger (2.2.7) lib/phusion_passenger/abstract_server.rb:352:in `main_loop'
  passenger (2.2.7) lib/phusion_passenger/abstract_server.rb:196:in `start_synchronously'
  passenger (2.2.7) lib/phusion_passenger/abstract_server.rb:163:in `start'
  passenger (2.2.7) lib/phusion_passenger/railz/application_spawner.rb:209:in `start'
  passenger (2.2.7) lib/phusion_passenger/spawn_manager.rb:262:in `spawn_rails_application'
  passenger (2.2.7) lib/phusion_passenger/abstract_server_collection.rb:126:in `lookup_or_add'
  passenger (2.2.7) lib/phusion_passenger/spawn_manager.rb:256:in `spawn_rails_application'
  passenger (2.2.7) lib/phusion_passenger/abstract_server_collection.rb:80:in `synchronize'
  passenger (2.2.7) lib/phusion_passenger/abstract_server_collection.rb:79:in `synchronize'
  passenger (2.2.7) lib/phusion_passenger/spawn_manager.rb:255:in `spawn_rails_application'
  passenger (2.2.7) lib/phusion_passenger/spawn_manager.rb:154:in `spawn_application'
  passenger (2.2.7) lib/phusion_passenger/spawn_manager.rb:287:in `handle_spawn_application'
  passenger (2.2.7) lib/phusion_passenger/abstract_server.rb:352:in `__send__'
  passenger (2.2.7) lib/phusion_passenger/abstract_server.rb:352:in `main_loop'
  passenger (2.2.7) lib/phusion_passenger/abstract_server.rb:196:in `start_synchronously'

Rendering rescues/layout (not_found)


Processing ApplicationController#index (for 127.0.0.1 at 2009-11-27 10:17:46) [GET]

ActionController::RoutingError (No route matches "/images/map_drop_pin.png" with {:method=>:get}):
  passenger (2.2.7) lib/phusion_passenger/rack/request_handler.rb:95:in `process_request'
  passenger (2.2.7) lib/phusion_passenger/abstract_request_handler.rb:207:in `main_loop'
  passenger (2.2.7) lib/phusion_passenger/railz/application_spawner.rb:374:in `start_request_handler'
  passenger (2.2.7) lib/phusion_passenger/railz/application_spawner.rb:332:in `handle_spawn_application'
  passenger (2.2.7) lib/phusion_passenger/utils.rb:184:in `safe_fork'
  passenger (2.2.7) lib/phusion_passenger/railz/application_spawner.rb:330:in `handle_spawn_application'
  passenger (2.2.7) lib/phusion_passenger/abstract_server.rb:352:in `__send__'
  passenger (2.2.7) lib/phusion_passenger/abstract_server.rb:352:in `main_loop'
  passenger (2.2.7) lib/phusion_passenger/abstract_server.rb:196:in `start_synchronously'
  passenger (2.2.7) lib/phusion_passenger/abstract_server.rb:163:in `start'
  passenger (2.2.7) lib/phusion_passenger/railz/application_spawner.rb:209:in `start'
  passenger (2.2.7) lib/phusion_passenger/spawn_manager.rb:262:in `spawn_rails_application'
  passenger (2.2.7) lib/phusion_passenger/abstract_server_collection.rb:126:in `lookup_or_add'
  passenger (2.2.7) lib/phusion_passenger/spawn_manager.rb:256:in `spawn_rails_application'
  passenger (2.2.7) lib/phusion_passenger/abstract_server_collection.rb:80:in `synchronize'
  passenger (2.2.7) lib/phusion_passenger/abstract_server_collection.rb:79:in `synchronize'
  passenger (2.2.7) lib/phusion_passenger/spawn_manager.rb:255:in `spawn_rails_application'
  passenger (2.2.7) lib/phusion_passenger/spawn_manager.rb:154:in `spawn_application'
  passenger (2.2.7) lib/phusion_passenger/spawn_manager.rb:287:in `handle_spawn_application'
  passenger (2.2.7) lib/phusion_passenger/abstract_server.rb:352:in `__send__'
  passenger (2.2.7) lib/phusion_passenger/abstract_server.rb:352:in `main_loop'
  passenger (2.2.7) lib/phusion_passenger/abstract_server.rb:196:in `start_synchronously'

Rendering rescues/layout (not_found)


Processing ApplicationController#index (for 127.0.0.1 at 2009-11-27 10:17:50) [GET]

ActionController::RoutingError (No route matches "/images/map_drop_pin.png" with {:method=>:get}):
  passenger (2.2.7) lib/phusion_passenger/rack/request_handler.rb:95:in `process_request'
  passenger (2.2.7) lib/phusion_passenger/abstract_request_handler.rb:207:in `main_loop'
  passenger (2.2.7) lib/phusion_passenger/railz/application_spawner.rb:374:in `start_request_handler'
  passenger (2.2.7) lib/phusion_passenger/railz/application_spawner.rb:332:in `handle_spawn_application'
  passenger (2.2.7) lib/phusion_passenger/utils.rb:184:in `safe_fork'
  passenger (2.2.7) lib/phusion_passenger/railz/application_spawner.rb:330:in `handle_spawn_application'
  passenger (2.2.7) lib/phusion_passenger/abstract_server.rb:352:in `__send__'
  passenger (2.2.7) lib/phusion_passenger/abstract_server.rb:352:in `main_loop'
  passenger (2.2.7) lib/phusion_passenger/abstract_server.rb:196:in `start_synchronously'
  passenger (2.2.7) lib/phusion_passenger/abstract_server.rb:163:in `start'
  passenger (2.2.7) lib/phusion_passenger/railz/application_spawner.rb:209:in `start'
  passenger (2.2.7) lib/phusion_passenger/spawn_manager.rb:262:in `spawn_rails_application'
  passenger (2.2.7) lib/phusion_passenger/abstract_server_collection.rb:126:in `lookup_or_add'
  passenger (2.2.7) lib/phusion_passenger/spawn_manager.rb:256:in `spawn_rails_application'
  passenger (2.2.7) lib/phusion_passenger/abstract_server_collection.rb:80:in `synchronize'
  passenger (2.2.7) lib/phusion_passenger/abstract_server_collection.rb:79:in `synchronize'
  passenger (2.2.7) lib/phusion_passenger/spawn_manager.rb:255:in `spawn_rails_application'
  passenger (2.2.7) lib/phusion_passenger/spawn_manager.rb:154:in `spawn_application'
  passenger (2.2.7) lib/phusion_passenger/spawn_manager.rb:287:in `handle_spawn_application'
  passenger (2.2.7) lib/phusion_passenger/abstract_server.rb:352:in `__send__'
  passenger (2.2.7) lib/phusion_passenger/abstract_server.rb:352:in `main_loop'
  passenger (2.2.7) lib/phusion_passenger/abstract_server.rb:196:in `start_synchronously'

Rendering rescues/layout (not_found)


Processing ApplicationController#index (for 127.0.0.1 at 2009-11-27 10:17:52) [GET]

ActionController::RoutingError (No route matches "/images/map_drop_pin.png" with {:method=>:get}):
  passenger (2.2.7) lib/phusion_passenger/rack/request_handler.rb:95:in `process_request'
  passenger (2.2.7) lib/phusion_passenger/abstract_request_handler.rb:207:in `main_loop'
  passenger (2.2.7) lib/phusion_passenger/railz/application_spawner.rb:374:in `start_request_handler'
  passenger (2.2.7) lib/phusion_passenger/railz/application_spawner.rb:332:in `handle_spawn_application'
  passenger (2.2.7) lib/phusion_passenger/utils.rb:184:in `safe_fork'
  passenger (2.2.7) lib/phusion_passenger/railz/application_spawner.rb:330:in `handle_spawn_application'
  passenger (2.2.7) lib/phusion_passenger/abstract_server.rb:352:in `__send__'
  passenger (2.2.7) lib/phusion_passenger/abstract_server.rb:352:in `main_loop'
  passenger (2.2.7) lib/phusion_passenger/abstract_server.rb:196:in `start_synchronously'
  passenger (2.2.7) lib/phusion_passenger/abstract_server.rb:163:in `start'
  passenger (2.2.7) lib/phusion_passenger/railz/application_spawner.rb:209:in `start'
  passenger (2.2.7) lib/phusion_passenger/spawn_manager.rb:262:in `spawn_rails_application'
  passenger (2.2.7) lib/phusion_passenger/abstract_server_collection.rb:126:in `lookup_or_add'
  passenger (2.2.7) lib/phusion_passenger/spawn_manager.rb:256:in `spawn_rails_application'
  passenger (2.2.7) lib/phusion_passenger/abstract_server_collection.rb:80:in `synchronize'
  passenger (2.2.7) lib/phusion_passenger/abstract_server_collection.rb:79:in `synchronize'
  passenger (2.2.7) lib/phusion_passenger/spawn_manager.rb:255:in `spawn_rails_application'
  passenger (2.2.7) lib/phusion_passenger/spawn_manager.rb:154:in `spawn_application'
  passenger (2.2.7) lib/phusion_passenger/spawn_manager.rb:287:in `handle_spawn_application'
  passenger (2.2.7) lib/phusion_passenger/abstract_server.rb:352:in `__send__'
  passenger (2.2.7) lib/phusion_passenger/abstract_server.rb:352:in `main_loop'
  passenger (2.2.7) lib/phusion_passenger/abstract_server.rb:196:in `start_synchronously'

Rendering rescues/layout (not_found)


Processing ApplicationController#index (for 127.0.0.1 at 2009-11-27 10:18:04) [GET]

ActionController::RoutingError (No route matches "/images/map_drop_pin.png" with {:method=>:get}):
  passenger (2.2.7) lib/phusion_passenger/rack/request_handler.rb:95:in `process_request'
  passenger (2.2.7) lib/phusion_passenger/abstract_request_handler.rb:207:in `main_loop'
  passenger (2.2.7) lib/phusion_passenger/railz/application_spawner.rb:374:in `start_request_handler'
  passenger (2.2.7) lib/phusion_passenger/railz/application_spawner.rb:332:in `handle_spawn_application'
  passenger (2.2.7) lib/phusion_passenger/utils.rb:184:in `safe_fork'
  passenger (2.2.7) lib/phusion_passenger/railz/application_spawner.rb:330:in `handle_spawn_application'
  passenger (2.2.7) lib/phusion_passenger/abstract_server.rb:352:in `__send__'
  passenger (2.2.7) lib/phusion_passenger/abstract_server.rb:352:in `main_loop'
  passenger (2.2.7) lib/phusion_passenger/abstract_server.rb:196:in `start_synchronously'
  passenger (2.2.7) lib/phusion_passenger/abstract_server.rb:163:in `start'
  passenger (2.2.7) lib/phusion_passenger/railz/application_spawner.rb:209:in `start'
  passenger (2.2.7) lib/phusion_passenger/spawn_manager.rb:262:in `spawn_rails_application'
  passenger (2.2.7) lib/phusion_passenger/abstract_server_collection.rb:126:in `lookup_or_add'
  passenger (2.2.7) lib/phusion_passenger/spawn_manager.rb:256:in `spawn_rails_application'
  passenger (2.2.7) lib/phusion_passenger/abstract_server_collection.rb:80:in `synchronize'
  passenger (2.2.7) lib/phusion_passenger/abstract_server_collection.rb:79:in `synchronize'
  passenger (2.2.7) lib/phusion_passenger/spawn_manager.rb:255:in `spawn_rails_application'
  passenger (2.2.7) lib/phusion_passenger/spawn_manager.rb:154:in `spawn_application'
  passenger (2.2.7) lib/phusion_passenger/spawn_manager.rb:287:in `handle_spawn_application'
  passenger (2.2.7) lib/phusion_passenger/abstract_server.rb:352:in `__send__'
  passenger (2.2.7) lib/phusion_passenger/abstract_server.rb:352:in `main_loop'
  passenger (2.2.7) lib/phusion_passenger/abstract_server.rb:196:in `start_synchronously'

Rendering rescues/layout (not_found)


Processing HomeController#index (for 127.0.0.1 at 2009-11-27 10:20:23) [GET]
Rendering template within layouts/application
Rendering home/index
Rendered home/_subscribe_form (1.4ms)
Completed in 6ms (View: 5, DB: 0) | 200 OK [http://jilion.local/]


Processing ApplicationController#index (for 127.0.0.1 at 2009-11-27 10:20:24) [GET]

ActionController::RoutingError (No route matches "/images/map_drop_pin.png" with {:method=>:get}):
  passenger (2.2.7) lib/phusion_passenger/rack/request_handler.rb:95:in `process_request'
  passenger (2.2.7) lib/phusion_passenger/abstract_request_handler.rb:207:in `main_loop'
  passenger (2.2.7) lib/phusion_passenger/railz/application_spawner.rb:374:in `start_request_handler'
  passenger (2.2.7) lib/phusion_passenger/railz/application_spawner.rb:332:in `handle_spawn_application'
  passenger (2.2.7) lib/phusion_passenger/utils.rb:184:in `safe_fork'
  passenger (2.2.7) lib/phusion_passenger/railz/application_spawner.rb:330:in `handle_spawn_application'
  passenger (2.2.7) lib/phusion_passenger/abstract_server.rb:352:in `__send__'
  passenger (2.2.7) lib/phusion_passenger/abstract_server.rb:352:in `main_loop'
  passenger (2.2.7) lib/phusion_passenger/abstract_server.rb:196:in `start_synchronously'
  passenger (2.2.7) lib/phusion_passenger/abstract_server.rb:163:in `start'
  passenger (2.2.7) lib/phusion_passenger/railz/application_spawner.rb:209:in `start'
  passenger (2.2.7) lib/phusion_passenger/spawn_manager.rb:262:in `spawn_rails_application'
  passenger (2.2.7) lib/phusion_passenger/abstract_server_collection.rb:126:in `lookup_or_add'
  passenger (2.2.7) lib/phusion_passenger/spawn_manager.rb:256:in `spawn_rails_application'
  passenger (2.2.7) lib/phusion_passenger/abstract_server_collection.rb:80:in `synchronize'
  passenger (2.2.7) lib/phusion_passenger/abstract_server_collection.rb:79:in `synchronize'
  passenger (2.2.7) lib/phusion_passenger/spawn_manager.rb:255:in `spawn_rails_application'
  passenger (2.2.7) lib/phusion_passenger/spawn_manager.rb:154:in `spawn_application'
  passenger (2.2.7) lib/phusion_passenger/spawn_manager.rb:287:in `handle_spawn_application'
  passenger (2.2.7) lib/phusion_passenger/abstract_server.rb:352:in `__send__'
  passenger (2.2.7) lib/phusion_passenger/abstract_server.rb:352:in `main_loop'
  passenger (2.2.7) lib/phusion_passenger/abstract_server.rb:196:in `start_synchronously'

Rendering rescues/layout (not_found)


Processing ApplicationController#index (for 127.0.0.1 at 2009-11-27 10:20:24) [GET]

ActionController::RoutingError (No route matches "/images/map_drop_pin.png" with {:method=>:get}):
  passenger (2.2.7) lib/phusion_passenger/rack/request_handler.rb:95:in `process_request'
  passenger (2.2.7) lib/phusion_passenger/abstract_request_handler.rb:207:in `main_loop'
  passenger (2.2.7) lib/phusion_passenger/railz/application_spawner.rb:374:in `start_request_handler'
  passenger (2.2.7) lib/phusion_passenger/railz/application_spawner.rb:332:in `handle_spawn_application'
  passenger (2.2.7) lib/phusion_passenger/utils.rb:184:in `safe_fork'
  passenger (2.2.7) lib/phusion_passenger/railz/application_spawner.rb:330:in `handle_spawn_application'
  passenger (2.2.7) lib/phusion_passenger/abstract_server.rb:352:in `__send__'
  passenger (2.2.7) lib/phusion_passenger/abstract_server.rb:352:in `main_loop'
  passenger (2.2.7) lib/phusion_passenger/abstract_server.rb:196:in `start_synchronously'
  passenger (2.2.7) lib/phusion_passenger/abstract_server.rb:163:in `start'
  passenger (2.2.7) lib/phusion_passenger/railz/application_spawner.rb:209:in `start'
  passenger (2.2.7) lib/phusion_passenger/spawn_manager.rb:262:in `spawn_rails_application'
  passenger (2.2.7) lib/phusion_passenger/abstract_server_collection.rb:126:in `lookup_or_add'
  passenger (2.2.7) lib/phusion_passenger/spawn_manager.rb:256:in `spawn_rails_application'
  passenger (2.2.7) lib/phusion_passenger/abstract_server_collection.rb:80:in `synchronize'
  passenger (2.2.7) lib/phusion_passenger/abstract_server_collection.rb:79:in `synchronize'
  passenger (2.2.7) lib/phusion_passenger/spawn_manager.rb:255:in `spawn_rails_application'
  passenger (2.2.7) lib/phusion_passenger/spawn_manager.rb:154:in `spawn_application'
  passenger (2.2.7) lib/phusion_passenger/spawn_manager.rb:287:in `handle_spawn_application'
  passenger (2.2.7) lib/phusion_passenger/abstract_server.rb:352:in `__send__'
  passenger (2.2.7) lib/phusion_passenger/abstract_server.rb:352:in `main_loop'
  passenger (2.2.7) lib/phusion_passenger/abstract_server.rb:196:in `start_synchronously'

Rendering rescues/layout (not_found)


Processing ApplicationController#index (for 127.0.0.1 at 2009-11-27 10:20:24) [GET]

ActionController::RoutingError (No route matches "/images/map_drop_pin.png" with {:method=>:get}):
  passenger (2.2.7) lib/phusion_passenger/rack/request_handler.rb:95:in `process_request'
  passenger (2.2.7) lib/phusion_passenger/abstract_request_handler.rb:207:in `main_loop'
  passenger (2.2.7) lib/phusion_passenger/railz/application_spawner.rb:374:in `start_request_handler'
  passenger (2.2.7) lib/phusion_passenger/railz/application_spawner.rb:332:in `handle_spawn_application'
  passenger (2.2.7) lib/phusion_passenger/utils.rb:184:in `safe_fork'
  passenger (2.2.7) lib/phusion_passenger/railz/application_spawner.rb:330:in `handle_spawn_application'
  passenger (2.2.7) lib/phusion_passenger/abstract_server.rb:352:in `__send__'
  passenger (2.2.7) lib/phusion_passenger/abstract_server.rb:352:in `main_loop'
  passenger (2.2.7) lib/phusion_passenger/abstract_server.rb:196:in `start_synchronously'
  passenger (2.2.7) lib/phusion_passenger/abstract_server.rb:163:in `start'
  passenger (2.2.7) lib/phusion_passenger/railz/application_spawner.rb:209:in `start'
  passenger (2.2.7) lib/phusion_passenger/spawn_manager.rb:262:in `spawn_rails_application'
  passenger (2.2.7) lib/phusion_passenger/abstract_server_collection.rb:126:in `lookup_or_add'
  passenger (2.2.7) lib/phusion_passenger/spawn_manager.rb:256:in `spawn_rails_application'
  passenger (2.2.7) lib/phusion_passenger/abstract_server_collection.rb:80:in `synchronize'
  passenger (2.2.7) lib/phusion_passenger/abstract_server_collection.rb:79:in `synchronize'
  passenger (2.2.7) lib/phusion_passenger/spawn_manager.rb:255:in `spawn_rails_application'
  passenger (2.2.7) lib/phusion_passenger/spawn_manager.rb:154:in `spawn_application'
  passenger (2.2.7) lib/phusion_passenger/spawn_manager.rb:287:in `handle_spawn_application'
  passenger (2.2.7) lib/phusion_passenger/abstract_server.rb:352:in `__send__'
  passenger (2.2.7) lib/phusion_passenger/abstract_server.rb:352:in `main_loop'
  passenger (2.2.7) lib/phusion_passenger/abstract_server.rb:196:in `start_synchronously'

Rendering rescues/layout (not_found)


Processing HomeController#index (for 127.0.0.1 at 2009-11-27 10:20:32) [GET]
Rendering template within layouts/application
Rendering home/index
Rendered home/_subscribe_form (1.4ms)
Completed in 6ms (View: 5, DB: 0) | 200 OK [http://jilion.local/]


Processing ApplicationController#index (for 127.0.0.1 at 2009-11-27 10:20:32) [GET]

ActionController::RoutingError (No route matches "/images/map_drop_pin.png" with {:method=>:get}):
  passenger (2.2.7) lib/phusion_passenger/rack/request_handler.rb:95:in `process_request'
  passenger (2.2.7) lib/phusion_passenger/abstract_request_handler.rb:207:in `main_loop'
  passenger (2.2.7) lib/phusion_passenger/railz/application_spawner.rb:374:in `start_request_handler'
  passenger (2.2.7) lib/phusion_passenger/railz/application_spawner.rb:332:in `handle_spawn_application'
  passenger (2.2.7) lib/phusion_passenger/utils.rb:184:in `safe_fork'
  passenger (2.2.7) lib/phusion_passenger/railz/application_spawner.rb:330:in `handle_spawn_application'
  passenger (2.2.7) lib/phusion_passenger/abstract_server.rb:352:in `__send__'
  passenger (2.2.7) lib/phusion_passenger/abstract_server.rb:352:in `main_loop'
  passenger (2.2.7) lib/phusion_passenger/abstract_server.rb:196:in `start_synchronously'
  passenger (2.2.7) lib/phusion_passenger/abstract_server.rb:163:in `start'
  passenger (2.2.7) lib/phusion_passenger/railz/application_spawner.rb:209:in `start'
  passenger (2.2.7) lib/phusion_passenger/spawn_manager.rb:262:in `spawn_rails_application'
  passenger (2.2.7) lib/phusion_passenger/abstract_server_collection.rb:126:in `lookup_or_add'
  passenger (2.2.7) lib/phusion_passenger/spawn_manager.rb:256:in `spawn_rails_application'
  passenger (2.2.7) lib/phusion_passenger/abstract_server_collection.rb:80:in `synchronize'
  passenger (2.2.7) lib/phusion_passenger/abstract_server_collection.rb:79:in `synchronize'
  passenger (2.2.7) lib/phusion_passenger/spawn_manager.rb:255:in `spawn_rails_application'
  passenger (2.2.7) lib/phusion_passenger/spawn_manager.rb:154:in `spawn_application'
  passenger (2.2.7) lib/phusion_passenger/spawn_manager.rb:287:in `handle_spawn_application'
  passenger (2.2.7) lib/phusion_passenger/abstract_server.rb:352:in `__send__'
  passenger (2.2.7) lib/phusion_passenger/abstract_server.rb:352:in `main_loop'
  passenger (2.2.7) lib/phusion_passenger/abstract_server.rb:196:in `start_synchronously'

Rendering rescues/layout (not_found)


Processing HomeController#index (for 127.0.0.1 at 2009-11-27 10:20:40) [GET]
Rendering template within layouts/application
Rendering home/index
Rendered home/_subscribe_form (1.2ms)
Completed in 7ms (View: 5, DB: 0) | 200 OK [http://jilion.local/]


Processing ApplicationController#index (for 127.0.0.1 at 2009-11-27 10:20:41) [GET]

ActionController::RoutingError (No route matches "/images/map_drop_pin.png" with {:method=>:get}):
  passenger (2.2.7) lib/phusion_passenger/rack/request_handler.rb:95:in `process_request'
  passenger (2.2.7) lib/phusion_passenger/abstract_request_handler.rb:207:in `main_loop'
  passenger (2.2.7) lib/phusion_passenger/railz/application_spawner.rb:374:in `start_request_handler'
  passenger (2.2.7) lib/phusion_passenger/railz/application_spawner.rb:332:in `handle_spawn_application'
  passenger (2.2.7) lib/phusion_passenger/utils.rb:184:in `safe_fork'
  passenger (2.2.7) lib/phusion_passenger/railz/application_spawner.rb:330:in `handle_spawn_application'
  passenger (2.2.7) lib/phusion_passenger/abstract_server.rb:352:in `__send__'
  passenger (2.2.7) lib/phusion_passenger/abstract_server.rb:352:in `main_loop'
  passenger (2.2.7) lib/phusion_passenger/abstract_server.rb:196:in `start_synchronously'
  passenger (2.2.7) lib/phusion_passenger/abstract_server.rb:163:in `start'
  passenger (2.2.7) lib/phusion_passenger/railz/application_spawner.rb:209:in `start'
  passenger (2.2.7) lib/phusion_passenger/spawn_manager.rb:262:in `spawn_rails_application'
  passenger (2.2.7) lib/phusion_passenger/abstract_server_collection.rb:126:in `lookup_or_add'
  passenger (2.2.7) lib/phusion_passenger/spawn_manager.rb:256:in `spawn_rails_application'
  passenger (2.2.7) lib/phusion_passenger/abstract_server_collection.rb:80:in `synchronize'
  passenger (2.2.7) lib/phusion_passenger/abstract_server_collection.rb:79:in `synchronize'
  passenger (2.2.7) lib/phusion_passenger/spawn_manager.rb:255:in `spawn_rails_application'
  passenger (2.2.7) lib/phusion_passenger/spawn_manager.rb:154:in `spawn_application'
  passenger (2.2.7) lib/phusion_passenger/spawn_manager.rb:287:in `handle_spawn_application'
  passenger (2.2.7) lib/phusion_passenger/abstract_server.rb:352:in `__send__'
  passenger (2.2.7) lib/phusion_passenger/abstract_server.rb:352:in `main_loop'
  passenger (2.2.7) lib/phusion_passenger/abstract_server.rb:196:in `start_synchronously'

Rendering rescues/layout (not_found)


Processing HomeController#index (for 127.0.0.1 at 2009-11-27 10:26:50) [GET]
Rendering template within layouts/application
Rendering home/index
Rendered home/_subscribe_form (3.4ms)
Completed in 35ms (View: 34, DB: 0) | 200 OK [http://jilion.local/]


Processing HomeController#index (for 127.0.0.1 at 2009-11-27 10:26:52) [GET]
Rendering template within layouts/application
Rendering home/index
Rendered home/_subscribe_form (1.3ms)
Completed in 6ms (View: 5, DB: 0) | 200 OK [http://jilion.local/]


Processing HomeController#index (for 127.0.0.1 at 2009-11-27 10:29:22) [GET]
Rendering template within layouts/application
Rendering home/index
Rendered home/_subscribe_form (1.4ms)
Completed in 6ms (View: 5, DB: 0) | 200 OK [http://jilion.local/]


Processing ApplicationController#index (for 127.0.0.1 at 2009-11-27 10:29:23) [GET]

ActionController::RoutingError (No route matches "/images/message_icon.png" with {:method=>:get}):
  passenger (2.2.7) lib/phusion_passenger/rack/request_handler.rb:95:in `process_request'
  passenger (2.2.7) lib/phusion_passenger/abstract_request_handler.rb:207:in `main_loop'
  passenger (2.2.7) lib/phusion_passenger/railz/application_spawner.rb:374:in `start_request_handler'
  passenger (2.2.7) lib/phusion_passenger/railz/application_spawner.rb:332:in `handle_spawn_application'
  passenger (2.2.7) lib/phusion_passenger/utils.rb:184:in `safe_fork'
  passenger (2.2.7) lib/phusion_passenger/railz/application_spawner.rb:330:in `handle_spawn_application'
  passenger (2.2.7) lib/phusion_passenger/abstract_server.rb:352:in `__send__'
  passenger (2.2.7) lib/phusion_passenger/abstract_server.rb:352:in `main_loop'
  passenger (2.2.7) lib/phusion_passenger/abstract_server.rb:196:in `start_synchronously'
  passenger (2.2.7) lib/phusion_passenger/abstract_server.rb:163:in `start'
  passenger (2.2.7) lib/phusion_passenger/railz/application_spawner.rb:209:in `start'
  passenger (2.2.7) lib/phusion_passenger/spawn_manager.rb:262:in `spawn_rails_application'
  passenger (2.2.7) lib/phusion_passenger/abstract_server_collection.rb:126:in `lookup_or_add'
  passenger (2.2.7) lib/phusion_passenger/spawn_manager.rb:256:in `spawn_rails_application'
  passenger (2.2.7) lib/phusion_passenger/abstract_server_collection.rb:80:in `synchronize'
  passenger (2.2.7) lib/phusion_passenger/abstract_server_collection.rb:79:in `synchronize'
  passenger (2.2.7) lib/phusion_passenger/spawn_manager.rb:255:in `spawn_rails_application'
  passenger (2.2.7) lib/phusion_passenger/spawn_manager.rb:154:in `spawn_application'
  passenger (2.2.7) lib/phusion_passenger/spawn_manager.rb:287:in `handle_spawn_application'
  passenger (2.2.7) lib/phusion_passenger/abstract_server.rb:352:in `__send__'
  passenger (2.2.7) lib/phusion_passenger/abstract_server.rb:352:in `main_loop'
  passenger (2.2.7) lib/phusion_passenger/abstract_server.rb:196:in `start_synchronously'

Rendering rescues/layout (not_found)


Processing HomeController#index (for 127.0.0.1 at 2009-11-27 10:31:10) [GET]
Rendering template within layouts/application
Rendering home/index
Rendered home/_subscribe_form (2.4ms)
Completed in 7ms (View: 6, DB: 0) | 200 OK [http://jilion.local/]


Processing ApplicationController#index (for 127.0.0.1 at 2009-11-27 10:31:11) [GET]

ActionController::RoutingError (No route matches "/images/message_icon.png" with {:method=>:get}):
  passenger (2.2.7) lib/phusion_passenger/rack/request_handler.rb:95:in `process_request'
  passenger (2.2.7) lib/phusion_passenger/abstract_request_handler.rb:207:in `main_loop'
  passenger (2.2.7) lib/phusion_passenger/railz/application_spawner.rb:374:in `start_request_handler'
  passenger (2.2.7) lib/phusion_passenger/railz/application_spawner.rb:332:in `handle_spawn_application'
  passenger (2.2.7) lib/phusion_passenger/utils.rb:184:in `safe_fork'
  passenger (2.2.7) lib/phusion_passenger/railz/application_spawner.rb:330:in `handle_spawn_application'
  passenger (2.2.7) lib/phusion_passenger/abstract_server.rb:352:in `__send__'
  passenger (2.2.7) lib/phusion_passenger/abstract_server.rb:352:in `main_loop'
  passenger (2.2.7) lib/phusion_passenger/abstract_server.rb:196:in `start_synchronously'
  passenger (2.2.7) lib/phusion_passenger/abstract_server.rb:163:in `start'
  passenger (2.2.7) lib/phusion_passenger/railz/application_spawner.rb:209:in `start'
  passenger (2.2.7) lib/phusion_passenger/spawn_manager.rb:262:in `spawn_rails_application'
  passenger (2.2.7) lib/phusion_passenger/abstract_server_collection.rb:126:in `lookup_or_add'
  passenger (2.2.7) lib/phusion_passenger/spawn_manager.rb:256:in `spawn_rails_application'
  passenger (2.2.7) lib/phusion_passenger/abstract_server_collection.rb:80:in `synchronize'
  passenger (2.2.7) lib/phusion_passenger/abstract_server_collection.rb:79:in `synchronize'
  passenger (2.2.7) lib/phusion_passenger/spawn_manager.rb:255:in `spawn_rails_application'
  passenger (2.2.7) lib/phusion_passenger/spawn_manager.rb:154:in `spawn_application'
  passenger (2.2.7) lib/phusion_passenger/spawn_manager.rb:287:in `handle_spawn_application'
  passenger (2.2.7) lib/phusion_passenger/abstract_server.rb:352:in `__send__'
  passenger (2.2.7) lib/phusion_passenger/abstract_server.rb:352:in `main_loop'
  passenger (2.2.7) lib/phusion_passenger/abstract_server.rb:196:in `start_synchronously'

Rendering rescues/layout (not_found)


Processing HomeController#index (for 127.0.0.1 at 2009-11-27 10:31:24) [GET]
Rendering template within layouts/application
Rendering home/index
Rendered home/_subscribe_form (1.3ms)
Completed in 6ms (View: 4, DB: 0) | 200 OK [http://jilion.local/]


Processing ApplicationController#index (for 127.0.0.1 at 2009-11-27 10:31:24) [GET]

ActionController::RoutingError (No route matches "/images/message_icon.png" with {:method=>:get}):
  passenger (2.2.7) lib/phusion_passenger/rack/request_handler.rb:95:in `process_request'
  passenger (2.2.7) lib/phusion_passenger/abstract_request_handler.rb:207:in `main_loop'
  passenger (2.2.7) lib/phusion_passenger/railz/application_spawner.rb:374:in `start_request_handler'
  passenger (2.2.7) lib/phusion_passenger/railz/application_spawner.rb:332:in `handle_spawn_application'
  passenger (2.2.7) lib/phusion_passenger/utils.rb:184:in `safe_fork'
  passenger (2.2.7) lib/phusion_passenger/railz/application_spawner.rb:330:in `handle_spawn_application'
  passenger (2.2.7) lib/phusion_passenger/abstract_server.rb:352:in `__send__'
  passenger (2.2.7) lib/phusion_passenger/abstract_server.rb:352:in `main_loop'
  passenger (2.2.7) lib/phusion_passenger/abstract_server.rb:196:in `start_synchronously'
  passenger (2.2.7) lib/phusion_passenger/abstract_server.rb:163:in `start'
  passenger (2.2.7) lib/phusion_passenger/railz/application_spawner.rb:209:in `start'
  passenger (2.2.7) lib/phusion_passenger/spawn_manager.rb:262:in `spawn_rails_application'
  passenger (2.2.7) lib/phusion_passenger/abstract_server_collection.rb:126:in `lookup_or_add'
  passenger (2.2.7) lib/phusion_passenger/spawn_manager.rb:256:in `spawn_rails_application'
  passenger (2.2.7) lib/phusion_passenger/abstract_server_collection.rb:80:in `synchronize'
  passenger (2.2.7) lib/phusion_passenger/abstract_server_collection.rb:79:in `synchronize'
  passenger (2.2.7) lib/phusion_passenger/spawn_manager.rb:255:in `spawn_rails_application'
  passenger (2.2.7) lib/phusion_passenger/spawn_manager.rb:154:in `spawn_application'
  passenger (2.2.7) lib/phusion_passenger/spawn_manager.rb:287:in `handle_spawn_application'
  passenger (2.2.7) lib/phusion_passenger/abstract_server.rb:352:in `__send__'
  passenger (2.2.7) lib/phusion_passenger/abstract_server.rb:352:in `main_loop'
  passenger (2.2.7) lib/phusion_passenger/abstract_server.rb:196:in `start_synchronously'

Rendering rescues/layout (not_found)


Processing HomeController#index (for 127.0.0.1 at 2009-11-27 14:42:34) [GET]
Rendering template within layouts/application
Rendering home/index
Rendered home/_subscribe_form (38.2ms)
Completed in 84ms (View: 82, DB: 0) | 200 OK [http://jilion.local/]


Processing ApplicationController#index (for 127.0.0.1 at 2009-11-27 14:42:35) [GET]

ActionController::RoutingError (No route matches "/images/message_icon.png" with {:method=>:get}):
  passenger (2.2.7) lib/phusion_passenger/rack/request_handler.rb:95:in `process_request'
  passenger (2.2.7) lib/phusion_passenger/abstract_request_handler.rb:207:in `main_loop'
  passenger (2.2.7) lib/phusion_passenger/railz/application_spawner.rb:374:in `start_request_handler'
  passenger (2.2.7) lib/phusion_passenger/railz/application_spawner.rb:332:in `handle_spawn_application'
  passenger (2.2.7) lib/phusion_passenger/utils.rb:184:in `safe_fork'
  passenger (2.2.7) lib/phusion_passenger/railz/application_spawner.rb:330:in `handle_spawn_application'
  passenger (2.2.7) lib/phusion_passenger/abstract_server.rb:352:in `__send__'
  passenger (2.2.7) lib/phusion_passenger/abstract_server.rb:352:in `main_loop'
  passenger (2.2.7) lib/phusion_passenger/abstract_server.rb:196:in `start_synchronously'
  passenger (2.2.7) lib/phusion_passenger/abstract_server.rb:163:in `start'
  passenger (2.2.7) lib/phusion_passenger/railz/application_spawner.rb:209:in `start'
  passenger (2.2.7) lib/phusion_passenger/spawn_manager.rb:262:in `spawn_rails_application'
  passenger (2.2.7) lib/phusion_passenger/abstract_server_collection.rb:126:in `lookup_or_add'
  passenger (2.2.7) lib/phusion_passenger/spawn_manager.rb:256:in `spawn_rails_application'
  passenger (2.2.7) lib/phusion_passenger/abstract_server_collection.rb:80:in `synchronize'
  passenger (2.2.7) lib/phusion_passenger/abstract_server_collection.rb:79:in `synchronize'
  passenger (2.2.7) lib/phusion_passenger/spawn_manager.rb:255:in `spawn_rails_application'
  passenger (2.2.7) lib/phusion_passenger/spawn_manager.rb:154:in `spawn_application'
  passenger (2.2.7) lib/phusion_passenger/spawn_manager.rb:287:in `handle_spawn_application'
  passenger (2.2.7) lib/phusion_passenger/abstract_server.rb:352:in `__send__'
  passenger (2.2.7) lib/phusion_passenger/abstract_server.rb:352:in `main_loop'
  passenger (2.2.7) lib/phusion_passenger/abstract_server.rb:196:in `start_synchronously'

Rendering rescues/layout (not_found)


Processing HomeController#index (for 127.0.0.1 at 2009-11-27 15:07:37) [GET]
Rendering template within layouts/application
Rendering home/index
Rendered home/_subscribe_form (17.8ms)
Completed in 68ms (View: 67, DB: 0) | 200 OK [http://jilion.local/]


Processing ApplicationController#index (for 127.0.0.1 at 2009-11-27 15:07:38) [GET]

ActionController::RoutingError (No route matches "/images/message_icon.png" with {:method=>:get}):
  passenger (2.2.7) lib/phusion_passenger/rack/request_handler.rb:95:in `process_request'
  passenger (2.2.7) lib/phusion_passenger/abstract_request_handler.rb:207:in `main_loop'
  passenger (2.2.7) lib/phusion_passenger/railz/application_spawner.rb:374:in `start_request_handler'
  passenger (2.2.7) lib/phusion_passenger/railz/application_spawner.rb:332:in `handle_spawn_application'
  passenger (2.2.7) lib/phusion_passenger/utils.rb:184:in `safe_fork'
  passenger (2.2.7) lib/phusion_passenger/railz/application_spawner.rb:330:in `handle_spawn_application'
  passenger (2.2.7) lib/phusion_passenger/abstract_server.rb:352:in `__send__'
  passenger (2.2.7) lib/phusion_passenger/abstract_server.rb:352:in `main_loop'
  passenger (2.2.7) lib/phusion_passenger/abstract_server.rb:196:in `start_synchronously'
  passenger (2.2.7) lib/phusion_passenger/abstract_server.rb:163:in `start'
  passenger (2.2.7) lib/phusion_passenger/railz/application_spawner.rb:209:in `start'
  passenger (2.2.7) lib/phusion_passenger/spawn_manager.rb:262:in `spawn_rails_application'
  passenger (2.2.7) lib/phusion_passenger/abstract_server_collection.rb:126:in `lookup_or_add'
  passenger (2.2.7) lib/phusion_passenger/spawn_manager.rb:256:in `spawn_rails_application'
  passenger (2.2.7) lib/phusion_passenger/abstract_server_collection.rb:80:in `synchronize'
  passenger (2.2.7) lib/phusion_passenger/abstract_server_collection.rb:79:in `synchronize'
  passenger (2.2.7) lib/phusion_passenger/spawn_manager.rb:255:in `spawn_rails_application'
  passenger (2.2.7) lib/phusion_passenger/spawn_manager.rb:154:in `spawn_application'
  passenger (2.2.7) lib/phusion_passenger/spawn_manager.rb:287:in `handle_spawn_application'
  passenger (2.2.7) lib/phusion_passenger/abstract_server.rb:352:in `__send__'
  passenger (2.2.7) lib/phusion_passenger/abstract_server.rb:352:in `main_loop'
  passenger (2.2.7) lib/phusion_passenger/abstract_server.rb:196:in `start_synchronously'

Rendering rescues/layout (not_found)


Processing HomeController#index (for 127.0.0.1 at 2009-11-27 15:08:15) [GET]
Rendering template within layouts/application
Rendering home/index
Rendered home/_subscribe_form (1.3ms)
Completed in 6ms (View: 5, DB: 0) | 200 OK [http://jilion.local/]


Processing HomeController#index (for 127.0.0.1 at 2009-11-27 15:08:46) [GET]
Rendering template within layouts/application
Rendering home/index
Rendered home/_subscribe_form (1.2ms)
Completed in 6ms (View: 4, DB: 0) | 200 OK [http://jilion.local/]


Processing HomeController#index (for 127.0.0.1 at 2009-11-27 15:09:41) [GET]
Rendering template within layouts/application
Rendering home/index
Rendered home/_subscribe_form (1.2ms)
Completed in 7ms (View: 6, DB: 0) | 200 OK [http://jilion.local/]


Processing HomeController#index (for 127.0.0.1 at 2009-11-28 00:44:49) [GET]
Rendering template within layouts/application
Rendering home/index
Rendered home/_subscribe_form (8.0ms)
Completed in 49ms (View: 47, DB: 0) | 200 OK [http://jilion.local/]


Processing HomeController#index (for 127.0.0.1 at 2009-11-28 16:02:34) [GET]
Rendering template within layouts/application
Rendering home/index
Rendered home/_subscribe_form (29.5ms)
Completed in 66ms (View: 65, DB: 0) | 200 OK [http://jilion.local/]


Processing HomeController#index (for 127.0.0.1 at 2009-11-29 00:55:50) [GET]
Rendering template within layouts/application
Rendering home/index
Rendered home/_subscribe_form (16.7ms)
Completed in 49ms (View: 47, DB: 0) | 200 OK [http://jilion.local/]


Processing HomeController#index (for 127.0.0.1 at 2009-11-29 11:48:57) [GET]
Rendering template within layouts/application
Rendering home/index
Rendered home/_subscribe_form (6.3ms)
Completed in 36ms (View: 35, DB: 0) | 200 OK [http://jilion.local/]


Processing HomeController#index (for 127.0.0.1 at 2009-11-29 21:40:24) [GET]
Rendering template within layouts/application
Rendering home/index
Rendered home/_subscribe_form (8.5ms)
Completed in 87ms (View: 86, DB: 0) | 200 OK [http://jilion.local/]


Processing HomeController#index (for 127.0.0.1 at 2009-11-30 00:18:30) [GET]
Rendering template within layouts/application
Rendering home/index
Rendered home/_subscribe_form (27.8ms)
Completed in 157ms (View: 156, DB: 0) | 200 OK [http://jilion.local/]
